udisks
system-config-language
binutils
crontabs
firewalld
acpi
flatpak
bleachbit
gparted
shutter
kernel
kernel-core
kernel-devel
kernel-headers
kernel-modules-extra
binutils
qt
gcc
make
patch
dkms
gettext
autoconf
hdparm
mokutil
libgomp
glibc-headers
glibc-devel
man-pages
man-pages-es
man-pages-es-extra
util-linux-user
policycoreutils-gui
dconf
dconf-editor
efibootmgr
ca-certificates
net-tools
ethtool
NetworkManager-tui
bind-utils
nbtscan
ntp
ntpdate
glibc-headers
glibc-devel
@fonts
freetype
font-manager
xorg-x11-font-utils
fontconfig
