agave
bash
bash-completion
build-essential
bundler
cmake
command-not-found
composer
chromium
curl
editorconfig
erlang-base
exuberant-ctags
firefox
firefox-esr
gedit
gedit-plugins
ghi
git
git-hub
gocode
golang-go
gpick
gvfs-bin
heroku
libnotify-bin
libxml-writer-perl
locate
neofetch
network-manager-gnome
nkf
pandoc
pasystray
pavucontrol
powerline
pulseaudio
rake
ranger
sakura
screen
shellcheck
tcl
terminator
tilix
tk
tmux
tmux-plugin-manager
wget
x11-xserver-utils
xbase-clients
xbuilder
xcape
xclip
xdg-user-dirs
xfe
xfe-i18n
xfe-themes
xorg
ycmd
zip
zsh
zsh-antigen
zsh-syntax-highlighting
