x11-misc/rofi
sys-apps/gawk
virtual/awk
www-client/surf
x11-misc/xfe
x11-misc/dunst
x11-terms/rxvt-unicode
x11-misc/urxvt-font-size
x11-misc/compton
x11-misc/nitrogen
app-misc/ranger
www-client/w3m
x11-misc/tint2
lxde-base/lxrandr
x11-apps/xbacklight
x11-apps/xrandr
x11-libs/libXrandr
x11-misc/arandr
gnome-base/gvfs
media-gfx/gpicview
media-video/mpv
media-video/mplayer
media-sound/cmus
app-text/zathura
x11-misc/xautolock
x11-misc/unclutter
x11-misc/xbindkeys
media-sound/pulseaudio
media-sound/pavucontrol
media-sound/volumeicon
media-sound/alsamixergui
xfce-base/xfce4-settings
net-firewall/firewalld
lxde-base/lxappearance
x11-themes/gtk-chtheme
x11-misc/qt5ct
sys-power/pm-utils
gnome-extra/zenity
media-gfx/scrot
sys-auth/polkit
net-misc/x11-ssh-askpass
net-misc/ssh-askpass-fullscreen
net-wireless/wireless-tools
x11-misc/redshift
sys-apps/lm_sensors
x11-misc/xsensors
net-misc/networkmanager
net-misc/networkmanager-vpnc
media-sound/volti
