gnome-tweak-tool
chrome-gnome-shell
bluecurve-cursor-theme
breeze-cursor-theme
adwaita-cursor-theme
dmz-cursor-themes
la-capitaine-cursor-theme
la-capitaine-icon-theme
oxygen-cursor-themes
oxygen-icon-theme
paper-icon-theme
breeze-gtk
breeze-gtk-gtk2
breeze-gtk-gtk3
breeze-gtk-gtk4
papirus-icon-theme
gnome-shell-theme-flat-remix
gnome-shell-theme-selene
gnome-shell-theme-yaru
gnome-themes-extra
gnome-icon-theme
flat-remix-gtk2-theme
flat-remix-gtk3-theme
flat-remix-icon-theme
flat-remix-theme
gedit
gedit-plugins
gedit-color-schemes
gedit-plugin-bracketcompletion
gedit-plugin-codecomment
gedit-plugin-drawspaces
gedit-plugin-editorconfig
gedit-plugin-findinfiles
gedit-plugin-git
