fontawesome-fonts
fontawesome-fonts-web
acpi
gawk
surf
xfe
dunst
nomacs
rxvt-unicode
compton
nitrogen
ranger
rofi
rofi-themes
w3m
w3m-img
tint2
libxrandr
arandr
xbacklight
xfce4-screenshooter
gvfs
gvfs-mtp
gvfs-nfs
gvfs-smb
gvfs-client
gpicview
zathura
zathura-plugins-all
xautolock
unclutter
xbindkeys
pulseaudio
volumeicon
alsamixergui
xfce4-settings
firewall-applet
firewall-config
firewalld
lxappearance
zenity
scrot
lxpolkit
x11-ssh-askpass
wireless-tools
powerline-fonts
xfce4-clipman-plugin
redshift
lm-sensors
network-manager-applet
lxrandr
neofetch
