suckless-tools
fonts-font-awesome
acpi
gawk
surf
xfe
xfe-i18n
xfe-themes
rofi
dunst
nomacs
rxvt-unicode
compton
compton-conf
compton-conf-l10n
nitrogen
ranger
w3m
w3m-img
tint2
libxrandr2
arandr
xbacklight
xfce4-screenshooter
gvfs
gpicview
mplayer
cmus
zathura
xautolock
unclutter
xbindkeys
xbindkeys-config
pulseaudio
volumeicon-alsa
alsamixergui
xfce4-settings
firewall-applet
firewall-config
firewalld
lxappearance
gtk-chtheme
qt4-qtconfig
pm-utils
zenity
scrot
lxpolkit
ssh-askpass
wireless-tools
fonts-powerline
xfce4-clipman
redshift
lm-sensors
libsensors4-dev
network-manager
lxrandr
volti
neofetch
xfce4-taskmanager
