php
php-cli
libapache2-mod-php
php-gd
php-gmp
php-curl
php-pgsql
php-sqlite3
php-intl
php-mbstring
php-xml
php-xdebug
php-json
php-zip
php-mongodb
php-imap
composer
php7.3
libapache2-mod-php7.3
libphp7.3-embed
php7.3-bcmath
php7.3-bz2
php7.3-cgi
php7.3-cli
php7.3-curl
php7.3-dba
php7.3-enchant
php7.3-fpm
php7.3-gd
php7.3-gmp
php7.3-imap
php7.3-interbase
php7.3-intl
php7.3-json
php7.3-ldap
php7.3-mbstring
php7.3-mysql
php7.3-odbc
php7.3-opcache
php7.3-pgsql
php7.3-phpdbg
php7.3-pspell
php7.3-readline
php7.3-recode
php7.3-snmp
php7.3-soap
php7.3-sqlite3
php7.3-sybase
php7.3-tidy
php7.3-xdebug
php7.3-xml
php7.3-xmlrpc
php7.3-xsl
php7.3-zip
php7.4
libapache2-mod-php7.4
libphp7.4-embed
php7.4-bcmath
php7.4-bz2
php7.4-cgi
php7.4-cli
php7.4-curl
php7.4-dba
php7.4-enchant
php7.4-fpm
php7.4-gd
php7.4-gmp
php7.4-imap
php7.4-interbase
php7.4-intl
php7.4-json
php7.4-ldap
php7.4-mbstring
php7.4-mysql
php7.4-odbc
php7.4-opcache
php7.4-pgsql
php7.4-phpdbg
php7.4-pspell
php7.4-readline
php7.4-snmp
php7.4-soap
php7.4-sqlite3
php7.4-sybase
php7.4-tidy
php7.4-xdebug
php7.4-xml
php7.4-xmlrpc
php7.4-xsl
php7.4-zip
