python3-alsaaudio
python3-psycopg2
python3-dev
python3-flake8
python3-frozendict
python3-future
python3-ipython
python3-mccabe
python3-mysqldb
python3-pep8
python3-pep8-naming
python3-pip
python3-pylama
python3-powerline
python3-powerline-taskwarrior
python3-pycodestyle
python3-pyflakes
python3-setuptools
python3-virtualenv
python3-pymongo
python3-scapy
python3-twisted
python3-dotenv
python3-sqlalchemy
python3-urllib3
python3-dotenv-cli
python3-sqlalchemy
python3-serial
python3-gitlab
python3-anyjson
python3-arrow
python3-babel
python3-inflect
python3-migrate
python3-pbr
python3-sqlalchemy
python3-sqlalchemy-ext
python3-sqlalchemy-i18n
python3-sqlalchemy-utils
python3-sqlparse
python3-tempita
python3-tz
