bash
bash-completion
build-essential
ca-certificates
command-not-found
curl
debian-keyring
exuberant-ctags
gnupg
gnupg-agent
gnupg-l10n
firewall-applet
firewall-config
firewalld
gdebi
git
gvfs-bin
htop
libnotify-bin
libxml-writer-perl
locate
neofetch
network-manager
pasystray
pavucontrol
powerline
pulseaudio
screen
tcl
tmux
tmux-plugin-manager
wget
wireless-tools
xdg-user-dirs
zip
zsh
zsh-antigen
zsh-syntax-highlighting
iproute
iptables
iputils-ping
less
nano
mount
net-tools
pciutils
util-linux
udev
traceroute
tcptraceroute
time
timelimit
tar
rar
zip
gzip
ntp
