ide-typescript
language-typescript
angular-bootstrap
atom-ide-vue
atom-typescript
linter
intentions
busy-signal
linter-ui-default
wrap-guide
status-bar
language-json
git-diff
language-javascript
docblockr
tree-view
autosave
sort-lines
whitespace
autocomplete-css
autocomplete-html
toggle-quotes
console-log
file-icons
pigments
linter-eslint
autocomplete-modules
atom-css-clean
platformio-ide-terminal
docblockr
emmet
ide-php
ide-json
laravel
linter-php
atom-autocomplete-php
php-integrator-autocomplete-plus
php-integrator-base
php-integrator-call-tips
php-integrator-linter
php-integrator-navigation
php-integrator-refactoring
php-integrator-tooltips
php-integrator-annotations
hyperclick
ftp-remote-edit
