vim
vim-addon-manager
vim-addon-mw-utils
vim-asciidoc
vim-athena
vim-autopep8
vim-command-t
vim-conque
vim-ctrlp
vim-editorconfig
vim-fugitive
vim-gnome
vim-gocomplete
vim-gtk
vim-gtk3
vim-haproxy
vim-icinga2
vim-khuno
vim-lastplace
vim-latexsuite
vim-migemo
vim-nox
vim-pathogen
vim-python-jedi
vim-rails
vim-runtime
vim-scripts
vim-snipmate
vim-snippets
vim-syntastic
vim-syntax-gtk
vim-tabular
vim-tjp
vim-tlib
vim-ultisnips
vim-vimerl
vim-vimerl-syntax
vim-vimoutliner
vim-voom
vim-youcompleteme
exuberant-ctags
