atom-bootstrap3
atom-ternjs
atom-yii2
auto-detect-indentation
autoclose-html
autocomplete-bash-builtins
autocomplete-js-import
autocomplete-modules
autocomplete-php
autocomplete-plus-python-jedi
autocomplete-python
browser-plus
busy-signal
color-picker
dash
docblockr
emmet
file-icons
hyperclick
ide-css
ide-json
ide-php
ide-python
intentions
javascript-snippets
jumpy
language-pgsql
language-sql
language-todo
open-html-in-browser
markdown-preview
minimap
minimap-autohider
monokai
nuclide
nuclide-format-js
pigments
php-integrator-autocomplete-plus-legacy-php56
php-integrator-base-legacy-php56
php-integrator-call-tips-legacy-php56
php-integrator-linter-legacy-php56
php-integrator-navigation-legacy-php56
php-integrator-refactoring-legacy-php56
php-integrator-tooltips-legacy-php56
python-indent
python-tools
php-debug
project-manager
project-manager-ide
tabs-to-spaces
teletype
todo-show
toggle-quotes
tool-bar
template-generator
toggle-quotes
whitespace
wrap-guide
zentabs
