atom-autocomplete-php
atom-bash-snippets
atom-i18n
atom-monokai
atom-yii
autocomplete
autocomplete-awk
autocomplete-bash-builtins
autocomplete-css
autocomplete-haskell
autocomplete-html
autocomplete-json
autocomplete-python
autocomplete-ruby
autocomplete-sql
autocomplete-xml
autoclose-html
busy-signal
color-picker
dash
docblockr
emmet
file-icons
hyperclick
intentions
jumpy
language-pgsql
language-unix-shell
linter
linter-php
linter-phpcs
linter-tidy
linter-ui-default
minimap
minimap-autohider
monokai
monokai-dark
multi-cursor
php-cs-fixer
php-debug
php-integrator-annotations
php-integrator-autocomplete-plus
php-integrator-base
php-integrator-navigation
php-integrator-refactoring
project-manager
simple-align
susave
symbol-gen
symbols-list
tabs-to-spaces
toggle-quotes
wordpress-autocomplete
zentabs
